GoAheadPeople/proguard-project.txt
-keep class * extends java.util.ListResourceBundle {
    protected Object[][] getContents();
}

-keep public class com.google.android.gms.common.internal.safeparcel.SafeParcelable {
    public static final *** NULL;
}

-keepnames @com.google.android.gms.common.annotation.KeepName class *
-keepclassmembernames class * {
    @com.google.android.gms.common.annotation.KeepName *;
}

-keepnames class * implements android.os.Parcelable {
    public static final ** CREATOR;
}  

-keep public class org.apache.http.** {
public *;
}

-dontwarn org.apache.http.**
-dontwarn com.jhlabs.**

-keep public class org.jsoup.** {
public *;
}