GoAheadPeople/proguard/seeds.txt
com.raafstudio.goahead.people.DialogCapture
com.raafstudio.goahead.people.DialogCapture: DialogCapture()
com.raafstudio.goahead.people.ErrorReporting
com.raafstudio.goahead.people.ErrorReporting: ErrorReporting()
com.raafstudio.goahead.people.R$anim: int abc_fade_in
com.raafstudio.goahead.people.R$anim: int abc_fade_out
com.raafstudio.goahead.people.R$anim: int abc_grow_fade_in_from_bottom
com.raafstudio.goahead.people.R$anim: int abc_shrink_fade_out_from_bottom
com.raafstudio.goahead.people.R$anim: int abc_slide_in_bottom
com.raafstudio.goahead.people.R$anim: int abc_slide_in_top
com.raafstudio.goahead.people.R$anim: int abc_slide_out_bottom
com.raafstudio.goahead.people.R$anim: int abc_slide_out_top
com.raafstudio.goahead.people.R$animator: int flipping
com.raafstudio.goahead.people.R$animator: int flipping1
com.raafstudio.goahead.people.R$array: int spinner_art_type
com.raafstudio.goahead.people.R$array: int spinner_discover
com.raafstudio.goahead.people.R$array: int spinner_market
com.raafstudio.goahead.people.R$attr: int actionBarDivider
com.raafstudio.goahead.people.R$attr: int actionBarItemBackground
com.raafstudio.goahead.people.R$attr: int actionBarPopupTheme
com.raafstudio.goahead.people.R$attr: int actionBarSize
com.raafstudio.goahead.people.R$attr: int actionBarSplitStyle
com.raafstudio.goahead.people.R$attr: int actionBarStyle
com.raafstudio.goahead.people.R$attr: int actionBarTabBarStyle
com.raafstudio.goahead.people.R$attr: int actionBarTabStyle
com.raafstudio.goahead.people.R$attr: int actionBarTabTextStyle
com.raafstudio.goahead.people.R$attr: int actionBarTheme
com.raafstudio.goahead.people.R$attr: int actionBarWidgetTheme
com.raafstudio.goahead.people.R$attr: int actionButtonStyle
com.raafstudio.goahead.people.R$attr: int actionDropDownStyle
com.raafstudio.goahead.people.R$attr: int actionLayout
com.raafstudio.goahead.people.R$attr: int actionMenuTextAppearance
com.raafstudio.goahead.people.R$attr: int actionMenuTextColor
com.raafstudio.goahead.people.R$attr: int actionModeBackground
com.raafstudio.goahead.people.R$attr: int actionModeCloseButtonStyle
com.raafstudio.goahead.people.R$attr: int actionModeCloseDrawable
com.raafstudio.goahead.people.R$attr: int actionModeCopyDrawable
com.raafstudio.goahead.people.R$attr: int actionModeCutDrawable
com.raafstudio.goahead.people.R$attr: int actionModeFindDrawable
com.raafstudio.goahead.people.R$attr: int actionModePasteDrawable
com.raafstudio.goahead.people.R$bool: int abc_action_bar_embed_tabs
com.raafstudio.goahead.people.R$bool: int abc_action_bar_embed_tabs_pre_jb
com.raafstudio.goahead.people.R$bool: int abc_action_bar_expanded_action_views_exclusive
com.raafstudio.goahead.people.R$bool: int abc_config_actionMenuItemAllCaps
com.raafstudio.goahead.people.R$bool: int abc_config_allowActionMenuItemTextWithIcon
com.raafstudio.goahead.people.R$bool: int abc_config_showMenuShortcutsWhenKeyboardPresent
...
com.raaf.R$string: int app_name
com.raaf.R$style: int AppBaseTheme
com.raaf.R$style: int AppTheme
com.raaf.custom.DynamicListView: void setCheeseList(java.util.ArrayList)
com.raaf.db.DbParam$data_type: com.raaf.db.DbParam$data_type[] values()
com.raaf.db.DbParam$data_type: com.raaf.db.DbParam$data_type valueOf(java.lang.String)
com.raaf.http.rLoader$Http_type: com.raaf.http.rLoader$Http_type[] values()
com.raaf.http.rLoader$Http_type: com.raaf.http.rLoader$Http_type valueOf(java.lang.String)
org.apache.http.ConnectionClosedException
org.apache.http.ConnectionClosedException: ConnectionClosedException(java.lang.String)
org.apache.http.ConnectionReuseStrategy
org.apache.http.ConnectionReuseStrategy: boolean keepAlive(org.apache.http.HttpResponse,org.apache.http.protocol.HttpContext)
org.apache.http.Consts
org.apache.http.Consts: int CR
org.apache.http.Consts: int LF
org.apache.http.Consts: int SP
org.apache.http.Consts: int HT
org.apache.http.Consts: java.nio.charset.Charset UTF_8
org.apache.http.Consts: java.nio.charset.Charset ASCII
org.apache.http.Consts: java.nio.charset.Charset ISO_8859_1
org.apache.http.ContentTooLongException
org.apache.http.ContentTooLongException: ContentTooLongException(java.lang.String)
org.apache.http.FormattedHeader
org.apache.http.FormattedHeader: org.apache.http.util.CharArrayBuffer getBuffer()
org.apache.http.FormattedHeader: int getValuePos()
org.apache.http.Header
org.apache.http.Header: java.lang.String getName()
org.apache.http.Header: java.lang.String getValue()
org.apache.http.Header: org.apache.http.HeaderElement[] getElements()
org.apache.http.HeaderElement
org.apache.http.HeaderElement: java.lang.String getName()
org.apache.http.HeaderElement: java.lang.String getValue()
org.apache.http.HeaderElement: org.apache.http.NameValuePair[] getParameters()
org.apache.http.HeaderElement: org.apache.http.NameValuePair getParameterByName(java.lang.String)
org.apache.http.HeaderElement: int getParameterCount()
org.apache.http.HeaderElement: org.apache.http.NameValuePair getParameter(int)
org.apache.http.HeaderElementIterator
org.apache.http.HeaderElementIterator: boolean hasNext()
org.apache.http.HeaderElementIterator: org.apache.http.HeaderElement nextElement()
org.apache.http.HeaderIterator
org.apache.http.HeaderIterator: boolean hasNext()
org.apache.http.HeaderIterator: org.apache.http.Header nextHeader()
org.apache.http.HttpClientConnection
org.apache.http.HttpClientConnection: boolean isResponseAvailable(int)
org.apache.http.HttpClientConnection: void sendRequestHeader(org.apache.http.HttpRequest)
org.apache.http.HttpClientConnection: void sendRequestEntity(org.apache.http.HttpEntityEnclosingRequest)
org.apache.http.HttpClientConnection: org.apache.http.HttpResponse receiveResponseHeader()
org.apache.http.HttpClientConnection: void receiveResponseEntity(org.apache.http.HttpResponse)
org.apache.http.HttpClientConnection: void flush()
org.apache.http.HttpConnection
org.apache.http.HttpConnection: void close()
org.apache.http.HttpConnection: boolean isOpen()
org.apache.http.HttpConnection: boolean isStale()
org.apache.http.HttpConnection: void setSocketTimeout(int)
org.apache.http.HttpConnection: int getSocketTimeout()
org.apache.http.HttpConnection: void shutdown()
org.apache.http.HttpConnection: org.apache.http.HttpConnectionMetrics getMetrics()
org.apache.http.HttpConnectionFactory
org.apache.http.HttpConnectionFactory: org.apache.http.HttpConnection createConnection(java.net.Socket)
org.apache.http.HttpConnectionMetrics
org.apache.http.HttpConnectionMetrics: long getRequestCount()
org.apache.http.HttpConnectionMetrics: long getResponseCount()
org.apache.http.HttpConnectionMetrics: long getSentBytesCount()
org.apache.http.HttpConnectionMetrics: long getReceivedBytesCount()
org.apache.http.HttpConnectionMetrics: java.lang.Object getMetric(java.lang.String)
org.apache.http.HttpConnectionMetrics: void reset()