GoAheadPeople/proguard/mapping.txt
com.raafstudio.goahead.people.DialogCapture -> com.raafstudio.goahead.people.DialogCapture:
    int RESULT_LOAD_IMAGE -> d
    int RESULT_CAMERA_IMAGE -> e
    com.raafstudio.goahead.people.component.CircleImageView imageView -> a
    android.widget.Button BtApply -> b
    android.widget.TextView TvTitle -> c
    void onCreate(android.os.Bundle) -> onCreate
    void onActivityResult(int,int,android.content.Intent) -> onActivityResult
    java.lang.String getFileName() -> c
    void onBackPressed() -> onBackPressed
    java.lang.String access$0(com.raafstudio.goahead.people.DialogCapture) -> a
    int access$1() -> a
    int access$2() -> b
com.raafstudio.goahead.people.DialogCapture$1 -> com.raafstudio.goahead.people.a:
    com.raafstudio.goahead.people.DialogCapture this$0 -> a
    void onClick(android.view.View) -> onClick
com.raafstudio.goahead.people.DialogCapture$2 -> com.raafstudio.goahead.people.b:
    com.raafstudio.goahead.people.DialogCapture this$0 -> a
    void onClick(android.view.View) -> onClick
com.raafstudio.goahead.people.DialogCapture$3 -> com.raafstudio.goahead.people.c:
    com.raafstudio.goahead.people.DialogCapture this$0 -> a
    void onClick(android.view.View) -> onClick
com.raafstudio.goahead.people.ErrorReporting -> com.raafstudio.goahead.people.ErrorReporting:
    java.lang.String eror -> a
    void onCreate(android.os.Bundle) -> onCreate
com.raafstudio.goahead.people.ErrorReporting$1 -> com.raafstudio.goahead.people.d:
    com.raafstudio.goahead.people.ErrorReporting this$0 -> a
    void onClick(android.view.View) -> onClick
com.raafstudio.goahead.people.ExceptionHandler -> com.raafstudio.goahead.people.e:
    android.app.Activity myContext -> a
    java.lang.String LINE_SEPARATOR -> b
    void uncaughtException(java.lang.Thread,java.lang.Throwable) -> uncaughtException
com.raafstudio.goahead.people.R -> com.raafstudio.goahead.people.f:
com.raafstudio.goahead.people.R$styleable -> com.raafstudio.goahead.people.g:
    int[] ActionBar -> ActionBar
    int ActionBar_background -> ActionBar_background
    int ActionBar_backgroundSplit -> ActionBar_backgroundSplit
    int ActionBar_backgroundStacked -> ActionBar_backgroundStacked
    int ActionBar_contentInsetEnd -> ActionBar_contentInsetEnd
    int ActionBar_contentInsetLeft -> ActionBar_contentInsetLeft
    int ActionBar_contentInsetRight -> ActionBar_contentInsetRight
    int ActionBar_contentInsetStart -> ActionBar_contentInsetStart
    int ActionBar_customNavigationLayout -> ActionBar_customNavigationLayout
    int ActionBar_displayOptions -> ActionBar_displayOptions
    int ActionBar_divider -> ActionBar_divider
    int ActionBar_elevation -> ActionBar_elevation
    int ActionBar_height -> ActionBar_height
    int ActionBar_hideOnContentScroll -> ActionBar_hideOnContentScroll
    int ActionBar_homeAsUpIndicator -> ActionBar_homeAsUpIndicator
    int ActionBar_homeLayout -> ActionBar_homeLayout
    int ActionBar_icon -> ActionBar_icon
    int ActionBar_indeterminateProgressStyle -> ActionBar_indeterminateProgressStyle
    int ActionBar_itemPadding -> ActionBar_itemPadding
    int ActionBar_logo -> ActionBar_logo
    int ActionBar_navigationMode -> ActionBar_navigationMode
    int ActionBar_popupTheme -> ActionBar_popupTheme
    int ActionBar_progressBarPadding -> ActionBar_progressBarPadding
...
com.bumptech.glide.load.resource.gif.GifBitmapProvider -> com.a.a.d.d.d.a:
    com.bumptech.glide.load.engine.bitmap_recycle.BitmapPool bitmapPool -> a
    android.graphics.Bitmap obtain(int,int,android.graphics.Bitmap$Config) -> a
    void release(android.graphics.Bitmap) -> a
com.bumptech.glide.load.resource.gif.GifDrawable -> com.a.a.d.d.d.b:
    android.graphics.Paint paint -> a
    android.graphics.Rect destRect -> b
    com.bumptech.glide.load.resource.gif.GifDrawable$GifState state -> c
    com.bumptech.glide.gifdecoder.GifDecoder decoder -> d
    com.bumptech.glide.load.resource.gif.GifFrameLoader frameLoader -> e
    boolean isRunning -> f
    boolean isStarted -> g
    boolean isRecycled -> h
    boolean isVisible -> i
    int loopCount -> j
    int maxLoopCount -> k
    boolean applyGravity -> l
    android.graphics.Bitmap getFirstFrame() -> b
    void setFrameTransformation(com.bumptech.glide.load.Transformation,android.graphics.Bitmap) -> a
    com.bumptech.glide.load.Transformation getFrameTransformation() -> c
    byte[] getData() -> d
    int getFrameCount() -> e
    void resetLoopCount() -> g
    void start() -> start
    void stop() -> stop
    void reset() -> h
    void startRunning() -> i
    void stopRunning() -> j
    boolean setVisible(boolean,boolean) -> setVisible
    int getIntrinsicWidth() -> getIntrinsicWidth
    int getIntrinsicHeight() -> getIntrinsicHeight
    boolean isRunning() -> isRunning
    void onBoundsChange(android.graphics.Rect) -> onBoundsChange
    void draw(android.graphics.Canvas) -> draw
    void setAlpha(int) -> setAlpha
    void setColorFilter(android.graphics.ColorFilter) -> setColorFilter
    int getOpacity() -> getOpacity
    void onFrameReady(int) -> b
com.bumptech.glide.load.resource.gif.GifDrawable$GifState -> com.a.a.d.d.d.c:
    com.bumptech.glide.gifdecoder.GifHeader gifHeader -> a
    byte[] data -> b
    android.content.Context context -> c
    com.bumptech.glide.load.Transformation frameTransformation -> d
    int targetWidth -> e
    int targetHeight -> f
    com.bumptech.glide.gifdecoder.GifDecoder$BitmapProvider bitmapProvider -> g
    com.bumptech.glide.load.engine.bitmap_recycle.BitmapPool bitmapPool -> h
    android.graphics.Bitmap firstFrame -> i
    android.graphics.drawable.Drawable newDrawable(android.content.res.Resources) -> newDrawable
    android.graphics.drawable.Drawable newDrawable() -> newDrawable
    int getChangingConfigurations() -> getChangingConfigurations
com.bumptech.glide.load.resource.gif.GifDrawableLoadProvider -> com.a.a.d.d.d.d:
    com.bumptech.glide.load.resource.gif.GifResourceDecoder decoder -> a
    com.bumptech.glide.load.resource.gif.GifResourceEncoder encoder -> b
    com.bumptech.glide.load.model.StreamEncoder sourceEncoder -> c
    com.bumptech.glide.load.resource.file.FileToStreamDecoder cacheDecoder -> d
    com.bumptech.glide.load.ResourceDecoder getCacheDecoder() -> a
    com.bumptech.glide.load.ResourceDecoder getSourceDecoder() -> b
    com.bumptech.glide.load.Encoder getSourceEncoder() -> c
    com.bumptech.glide.load.ResourceEncoder getEncoder() -> d
com.bumptech.glide.load.resource.gif.GifDrawableResource -> com.a.a.d.d.d.e:
    int getSize() -> c
    void recycle() -> d
com.bumptech.glide.load.resource.gif.GifDrawableTransformation -> com.a.a.d.d.d.f:
    com.bumptech.glide.load.Transformation wrapped -> a
    com.bumptech.glide.load.engine.bitmap_recycle.BitmapPool bitmapPool -> b
    com.bumptech.glide.load.engine.Resource transform(com.bumptech.glide.load.engine.Resource,int,int) -> a
    java.lang.String getId() -> a