GoAheadPeople/proguard/usage.txt
com.raafstudio.goahead.people.BuildConfig
com.raafstudio.goahead.people.MyApp
com.raafstudio.goahead.people.R:
    10:10:public R()
com.raafstudio.goahead.people.R$anim
com.raafstudio.goahead.people.R$animator
com.raafstudio.goahead.people.R$array
com.raafstudio.goahead.people.R$attr
com.raafstudio.goahead.people.R$bool
com.raafstudio.goahead.people.R$color
com.raafstudio.goahead.people.R$dimen
com.raafstudio.goahead.people.R$drawable
com.raafstudio.goahead.people.R$id
com.raafstudio.goahead.people.R$integer
com.raafstudio.goahead.people.R$layout
com.raafstudio.goahead.people.R$menu
com.raafstudio.goahead.people.R$raw
com.raafstudio.goahead.people.R$string
com.raafstudio.goahead.people.R$style
com.raafstudio.goahead.people.R$styleable:
    3256:3256:public R$styleable()
com.raafstudio.goahead.people.activity.ActivityProfile:
    android.widget.GridView GvArtworks
    com.raafstudio.goahead.people.adapter.ArtworkAdapter ArtAdapter
com.raafstudio.goahead.people.activity.ActivitySplash$SectionsPagerAdapter:
    88:90:public java.lang.CharSequence getPageTitle(int)
com.raafstudio.goahead.people.adapter.ArtworkAdapter
com.raafstudio.goahead.people.adapter.ArtworkAdapter$ViewHolder
com.raafstudio.goahead.people.adapter.NotificationAdapter:
    android.widget.ProgressBar pb1
com.raafstudio.goahead.people.component.CircleImageView:
    private static final int COLORDRAWABLE_DIMENSION
    private static final int DEFAULT_BORDER_WIDTH
    private static final int DEFAULT_BORDER_COLOR
com.raafstudio.goahead.people.component.CustomImageView
com.raafstudio.goahead.people.component.CustomImageView$ScaleListener
com.raafstudio.goahead.people.component.TouchView:
    private static final int INVALID_POINTER_ID
    34:39:public TouchView(android.content.Context)
    42:43:public TouchView(android.content.Context,android.util.AttributeSet)
    51:52:public TouchView(android.content.Context,android.util.AttributeSet,android.graphics.drawable.Drawable)
com.raafstudio.goahead.people.fragment.FragmentArtworkFrame:
    int cok
com.raafstudio.goahead.people.fragment.FragmentArtworkGraph:
    protected static final java.lang.String msg
    int cok
com.raafstudio.goahead.people.fragment.FragmentBase:
    protected android.widget.ProgressBar pb
    protected android.widget.TextView TvNoNetwork
    39:41:public int getPos()
    45:46:public void setPos(int)
com.raafstudio.goahead.people.fragment.FragmentProducts
com.raafstudio.goahead.people.helper.API:
    33:33:public API()
    144:154:public static void getProfileFollower(int,int,int,android.os.Handler)
    158:168:public static void getProfileFollowing(int,int,int,android.os.Handler)
    205:212:public static void SettingGetProfile(android.os.Handler)
    215:222:public static void SettingCekToken(android.os.Handler)
    258:271:public static void SettingUploadKtp(java.lang.String,java.lang.String,java.lang.String,android.os.Handler)
    275:285:public static void StoreGet(java.lang.String,int,int,android.os.Handler)
    288:296:public static void StoreGetDetail(java.lang.String,android.os.Handler)
    299:306:public static void StoreHome(android.os.Handler)
    309:319:public static void StoreRedem(java.lang.String,android.os.Handler)
    409:421:public static void DiscoverReportArtwork(java.lang.String,java.lang.String,java.lang.String,android.os.Handler)
    457:467:public static void MarketLike(java.lang.String,android.os.Handler)
    471:484:public static void MarketBuy(java.lang.String,int,int,android.os.Handler)
    487:495:public static void MarketDisclaimer(android.os.Handler)
    498:507:public static void MarketValidArtwork(int,int,android.os.Handler)
    511:549:public static void MarketInsertProduct(com.raafstudio.goahead.people.model.Product,com.raaf.io.rFile,android.os.Handler)
    552:562:public static void MarketKlikRedem(java.lang.String,android.os.Handler)
com.raafstudio.goahead.people.helper.DB
...
android.support.v4.print.PrintHelperKitkat$2$1$1
android.support.v4.print.PrintHelperKitkat$OnPrintFinishCallback
android.support.v4.provider.DocumentFile
android.support.v4.provider.DocumentsContractApi19
android.support.v4.provider.DocumentsContractApi21
android.support.v4.provider.RawDocumentFile
android.support.v4.provider.SingleDocumentFile
android.support.v4.provider.TreeDocumentFile
android.support.v4.speech.tts.TextToSpeechICS
android.support.v4.speech.tts.TextToSpeechICSMR1
android.support.v4.speech.tts.TextToSpeechICSMR1$1
android.support.v4.speech.tts.TextToSpeechICSMR1$2
android.support.v4.speech.tts.TextToSpeechICSMR1$UtteranceProgressListenerICSMR1
android.support.v4.text.BidiFormatter
android.support.v4.text.BidiFormatter$1
android.support.v4.text.BidiFormatter$Builder
android.support.v4.text.BidiFormatter$DirectionalityEstimator
android.support.v4.text.ICUCompat:
    21:40:public ICUCompat()
android.support.v4.text.ICUCompatIcs:
    private static final java.lang.String TAG
    24:24:ICUCompatIcs()
android.support.v4.text.TextDirectionHeuristicCompat
android.support.v4.text.TextDirectionHeuristicsCompat
android.support.v4.text.TextDirectionHeuristicsCompat$1
android.support.v4.text.TextDirectionHeuristicsCompat$AnyStrong
android.support.v4.text.TextDirectionHeuristicsCompat$FirstStrong
android.support.v4.text.TextDirectionHeuristicsCompat$TextDirectionAlgorithm
android.support.v4.text.TextDirectionHeuristicsCompat$TextDirectionHeuristicImpl
android.support.v4.text.TextDirectionHeuristicsCompat$TextDirectionHeuristicInternal
android.support.v4.text.TextDirectionHeuristicsCompat$TextDirectionHeuristicLocale
android.support.v4.text.TextUtilsCompat:
    25:25:public TextUtilsCompat()
    34:62:public static java.lang.String htmlEncode(java.lang.String)
android.support.v4.util.ArrayMap:
    61:62:public ArrayMap(int)
    68:69:public ArrayMap(android.support.v4.util.SimpleArrayMap)
    130:130:public boolean containsAll(java.util.Collection)
    151:151:public boolean removeAll(java.util.Collection)
android.support.v4.util.AtomicFile
android.support.v4.util.CircularArray
android.support.v4.util.ContainerHelpers:
    19:19:ContainerHelpers()
    29:29:public static int idealLongArraySize(int)
    65:80:static int binarySearch(long[],int,long)
android.support.v4.util.DebugUtils:
    25:25:public DebugUtils()
android.support.v4.util.LongSparseArray
android.support.v4.util.LruCache:
    61:69:public void resize(int)
    193:209:public final java.lang.Object remove(java.lang.Object)
    271:272:public final void evictAll()
    280:280:public final synchronized int size()
    289:289:public final synchronized int maxSize()
    297:297:public final synchronized int hitCount()
    305:305:public final synchronized int missCount()
    312:312:public final synchronized int createCount()
    319:319:public final synchronized int putCount()
    326:326:public final synchronized int evictionCount()
    334:334:public final synchronized java.util.Map snapshot()
android.support.v4.util.Pair
android.support.v4.util.Pools:
    69:71:private Pools()
android.support.v4.util.Pools$SynchronizedPool
android.support.v4.util.SimpleArrayMap:
    private static final boolean DEBUG
    private static final java.lang.String TAG
    private static final int BASE_SIZE
    private static final int CACHE_SIZE
    217:225:public SimpleArrayMap(int)
    231:235:public SimpleArrayMap(android.support.v4.util.SimpleArrayMap)
    429:442:public void putAll(android.support.v4.util.SimpleArrayMap)